<?xml version="1.0" encoding="UTF-8"?>
<testng-results ignored="0" total="1" passed="1" failed="0" skipped="0">
  <reporter-output>
  </reporter-output>
  <suite started-at="2021-03-15T21:59:51 EET" name="Default suite" finished-at="2021-03-15T21:59:56 EET" duration-ms="4488">
    <groups>
    </groups>
    <test started-at="2021-03-15T21:59:51 EET" name="Default test" finished-at="2021-03-15T21:59:56 EET" duration-ms="4488">
      <class name="Selenium.maven.MyFirstProject.invalidLogin">
        <test-method is-config="true" signature="beforall()[pri:0, instance:Selenium.maven.MyFirstProject.invalidLogin@7c0c77c7]" started-at="2021-03-15T21:59:42 EET" name="beforall" finished-at="2021-03-15T21:59:51 EET" duration-ms="8933" status="PASS">
          <reporter-output>
          </reporter-output>
        </test-method> <!-- beforall -->
        <test-method signature="invalidlogin()[pri:0, instance:Selenium.maven.MyFirstProject.invalidLogin@7c0c77c7]" started-at="2021-03-15T21:59:51 EET" name="invalidlogin" finished-at="2021-03-15T21:59:56 EET" duration-ms="4331" status="PASS">
          <reporter-output>
          </reporter-output>
        </test-method> <!-- invalidlogin -->
        <test-method is-config="true" signature="end()[pri:0, instance:Selenium.maven.MyFirstProject.invalidLogin@7c0c77c7]" started-at="2021-03-15T21:59:56 EET" name="end" finished-at="2021-03-15T21:59:57 EET" duration-ms="980" status="PASS">
          <reporter-output>
          </reporter-output>
        </test-method> <!-- end -->
      </class> <!-- Selenium.maven.MyFirstProject.invalidLogin -->
    </test> <!-- Default test -->
  </suite> <!-- Default suite -->
</testng-results>
